<?xml version="1.0" encoding="UTF-8"?>
<testsuite xmlns:xsi="http://www.w3.org/2001/XMLSchema-instance" xsi:noNamespaceSchemaLocation="https://maven.apache.org/surefire/maven-surefire-plugin/xsd/surefire-test-report-3.0.xsd" version="3.0" name="Runner.Acceptance" time="19.088" tests="1" errors="0" skipped="0" failures="0">
  <properties>
[...]
</properties>
  <testcase name="runScenario[&quot;A user click on Mobile Accessories&quot;, &quot;Mobile Search&quot;](1)" classname="Runner.Acceptance" time="16.478">
    <system-out><![CDATA[
@mobile @mobileaccessories
Scenario: A user click on Mobile Accessories # src/test/resources/features/mobile.feature:10
  Given user see the mobile link             # org.steps.MobileStepdefs.user_see_the_mobile_link()
  When user click on mobile link             # org.steps.MobileStepdefs.user_click_on_mobile_link()
  And user click on mobile accessories click # org.steps.MobileStepdefs.user_click_on_mobile_accessories_click()
  Then user verify Shop by Category          # org.steps.MobileStepdefs.user_verify_Shop_by_Category()
]]></system-out>
    <system-err><![CDATA[SLF4J: Failed to load class "org.slf4j.impl.StaticLoggerBinder".
SLF4J: Defaulting to no-operation (NOP) logger implementation
SLF4J: See http://www.slf4j.org/codes.html#StaticLoggerBinder for further details.
log4j:WARN No appenders could be found for logger (io.netty.util.internal.logging.InternalLoggerFactory).
log4j:WARN Please initialize the log4j system properly.
Starting ChromeDriver 105.0.5195.52 (412c95e518836d8a7d97250d62b29c2ae6a26a85-refs/branch-heads/5195@{#853}) on port 65436
Only local connections are allowed.
Please see https://chromedriver.chromium.org/security-considerations for suggestions on keeping ChromeDriver safe.
ChromeDriver was started successfully.
Oct 09, 2022 9:47:40 AM org.openqa.selenium.remote.ProtocolHandshake createSession
INFO: Detected upstream dialect: W3C
Oct 09, 2022 9:47:40 AM org.openqa.selenium.devtools.CdpVersionFinder findNearestMatch
INFO: Found exact CDP implementation for version 105
]]></system-err>
  </testcase>
</testsuite>