<?xml version="1.0" encoding="UTF-8"?>
<testng-results ignored="0" total="1" passed="1" failed="0" skipped="0">
  <reporter-output>
  </reporter-output>
  <suite started-at="2022-10-09T09:47:38 IST" name="Surefire suite" finished-at="2022-10-09T09:47:57 IST" duration-ms="18592">
    <groups>
      <group name="cucumber">
        <method signature="AbstractTestNGCucumberTests.runScenario(io.cucumber.testng.PickleWrapper,io.cucumber.testng.FeatureWrapper)[pri:0, instance:Runner.Acceptance@3c7f66c4]" name="runScenario" class="io.cucumber.testng.AbstractTestNGCucumberTests"/>
      </group> <!-- cucumber -->
    </groups>
    <test started-at="2022-10-09T09:47:38 IST" name="Surefire test" finished-at="2022-10-09T09:47:57 IST" duration-ms="18592">
      <class name="Runner.Acceptance">
        <test-method is-config="true" signature="setUpClass(org.testng.ITestContext)[pri:0, instance:Runner.Acceptance@3c7f66c4]" started-at="2022-10-09T09:47:38 IST" name="setUpClass" finished-at="2022-10-09T09:47:38 IST" duration-ms="270" status="PASS">
          <params>
            <param index="0">
              <value>
                <![CDATA[org.testng.TestRunner@15be68b]]>
              </value>
            </param>
          </params>
          <reporter-output>
          </reporter-output>
        </test-method> <!-- setUpClass -->
        <test-method signature="runScenario(io.cucumber.testng.PickleWrapper,io.cucumber.testng.FeatureWrapper)[pri:0, instance:Runner.Acceptance@3c7f66c4]" started-at="2022-10-09T09:47:38 IST" name="runScenario" description="Runs Cucumber Scenarios" data-provider="scenarios" finished-at="2022-10-09T09:47:55 IST" duration-ms="16410" status="PASS">
          <params>
            <param index="0">
              <value>
                <![CDATA["A user click on Mobile Accessories"]]>
              </value>
            </param>
            <param index="1">
              <value>
                <![CDATA["Mobile Search"]]>
              </value>
            </param>
          </params>
          <reporter-output>
          </reporter-output>
        </test-method> <!-- runScenario -->
        <test-method is-config="true" signature="tearDownClass()[pri:0, instance:Runner.Acceptance@3c7f66c4]" started-at="2022-10-09T09:47:55 IST" name="tearDownClass" finished-at="2022-10-09T09:47:57 IST" duration-ms="1881" status="PASS">
          <reporter-output>
          </reporter-output>
        </test-method> <!-- tearDownClass -->
      </class> <!-- Runner.Acceptance -->
    </test> <!-- Surefire test -->
  </suite> <!-- Surefire suite -->
</testng-results>
