<?xml version="1.0" encoding="UTF-8"?>
<testng-results ignored="0" total="2" passed="2" failed="0" skipped="0">
  <reporter-output>
  </reporter-output>
  <suite started-at="2022-10-09T08:10:29 IST" name="Surefire suite" finished-at="2022-10-09T08:10:49 IST" duration-ms="20412">
    <groups>
      <group name="cucumber">
        <method signature="AbstractTestNGCucumberTests.runScenario(io.cucumber.testng.PickleWrapper,io.cucumber.testng.FeatureWrapper)[pri:0, instance:Runner.Acceptance@5acf93bb]" name="runScenario" class="io.cucumber.testng.AbstractTestNGCucumberTests"/>
      </group> <!-- cucumber -->
    </groups>
    <test started-at="2022-10-09T08:10:29 IST" name="Surefire test" finished-at="2022-10-09T08:10:49 IST" duration-ms="20412">
      <class name="Runner.Acceptance">
        <test-method is-config="true" signature="setUpClass(org.testng.ITestContext)[pri:0, instance:Runner.Acceptance@5acf93bb]" started-at="2022-10-09T08:10:29 IST" name="setUpClass" finished-at="2022-10-09T08:10:29 IST" duration-ms="307" status="PASS">
          <params>
            <param index="0">
              <value>
                <![CDATA[org.testng.TestRunner@3a38f122]]>
              </value>
            </param>
          </params>
          <reporter-output>
          </reporter-output>
        </test-method> <!-- setUpClass -->
        <test-method signature="runScenario(io.cucumber.testng.PickleWrapper,io.cucumber.testng.FeatureWrapper)[pri:0, instance:Runner.Acceptance@5acf93bb]" started-at="2022-10-09T08:10:29 IST" name="runScenario" description="Runs Cucumber Scenarios" data-provider="scenarios" finished-at="2022-10-09T08:10:38 IST" duration-ms="8911" status="PASS">
          <params>
            <param index="0">
              <value>
                <![CDATA["A user want to visit only Mobile items"]]>
              </value>
            </param>
            <param index="1">
              <value>
                <![CDATA["Mobile Search"]]>
              </value>
            </param>
          </params>
          <reporter-output>
          </reporter-output>
        </test-method> <!-- runScenario -->
        <test-method signature="runScenario(io.cucumber.testng.PickleWrapper,io.cucumber.testng.FeatureWrapper)[pri:0, instance:Runner.Acceptance@5acf93bb]" started-at="2022-10-09T08:10:38 IST" name="runScenario" description="Runs Cucumber Scenarios" data-provider="scenarios" finished-at="2022-10-09T08:10:49 IST" duration-ms="11098" status="PASS">
          <params>
            <param index="0">
              <value>
                <![CDATA["A user click on Mobile Accessories"]]>
              </value>
            </param>
            <param index="1">
              <value>
                <![CDATA["Mobile Search"]]>
              </value>
            </param>
          </params>
          <reporter-output>
          </reporter-output>
        </test-method> <!-- runScenario -->
        <test-method is-config="true" signature="tearDownClass()[pri:0, instance:Runner.Acceptance@5acf93bb]" started-at="2022-10-09T08:10:49 IST" name="tearDownClass" finished-at="2022-10-09T08:10:49 IST" duration-ms="72" status="PASS">
          <reporter-output>
          </reporter-output>
        </test-method> <!-- tearDownClass -->
      </class> <!-- Runner.Acceptance -->
    </test> <!-- Surefire test -->
  </suite> <!-- Surefire suite -->
</testng-results>
